c:\users\ahnjaehun\documents\visual studio 2015\projects\jhengine\jhengine\release\qrc_jhengine.obj
c:\users\ahnjaehun\documents\visual studio 2015\projects\jhengine\jhengine\release\process_list.obj
c:\users\ahnjaehun\documents\visual studio 2015\projects\jhengine\jhengine\release\moc_process_list.obj
c:\users\ahnjaehun\documents\visual studio 2015\projects\jhengine\jhengine\release\main.obj
c:\users\ahnjaehun\documents\visual studio 2015\projects\jhengine\jhengine\release\jhengine.obj
c:\users\ahnjaehun\documents\visual studio 2015\projects\jhengine\jhengine\release\moc_jhengine.obj
c:\users\ahnjaehun\documents\visual studio 2015\projects\jhengine\jhengine\generatedfiles\qrc_jhengine.cpp
c:\users\ahnjaehun\documents\visual studio 2015\projects\jhengine\jhengine\generatedfiles\release\moc_jhengine.cpp
c:\users\ahnjaehun\documents\visual studio 2015\projects\jhengine\jhengine\generatedfiles\release\moc_process_list.cpp
c:\users\ahnjaehun\documents\visual studio 2015\projects\jhengine\jhengine\generatedfiles\ui_jhengine.h
c:\users\ahnjaehun\documents\visual studio 2015\projects\jhengine\jhengine\generatedfiles\ui_process_list.h
c:\users\ahnjaehun\documents\visual studio 2015\projects\jhengine\win32\release\jhengine.exe
c:\users\ahnjaehun\documents\visual studio 2015\projects\jhengine\jhengine\release\jhengine.tlog\cl.command.1.tlog
c:\users\ahnjaehun\documents\visual studio 2015\projects\jhengine\jhengine\release\jhengine.tlog\cl.read.1.tlog
c:\users\ahnjaehun\documents\visual studio 2015\projects\jhengine\jhengine\release\jhengine.tlog\cl.write.1.tlog
c:\users\ahnjaehun\documents\visual studio 2015\projects\jhengine\jhengine\release\jhengine.tlog\custombuild.command.1.tlog
c:\users\ahnjaehun\documents\visual studio 2015\projects\jhengine\jhengine\release\jhengine.tlog\custombuild.read.1.tlog
c:\users\ahnjaehun\documents\visual studio 2015\projects\jhengine\jhengine\release\jhengine.tlog\custombuild.write.1.tlog
c:\users\ahnjaehun\documents\visual studio 2015\projects\jhengine\jhengine\release\jhengine.tlog\link.command.1.tlog
c:\users\ahnjaehun\documents\visual studio 2015\projects\jhengine\jhengine\release\jhengine.tlog\link.read.1.tlog
c:\users\ahnjaehun\documents\visual studio 2015\projects\jhengine\jhengine\release\jhengine.tlog\link.write.1.tlog
